# 遍歴

```
もともとは、Coreosで作ろうとしてたんですが、debianでつくろうかということになりました。
理由は、ルーティングがうまくできそうなくて結局その部分はホストOSの力が重要になるとの判断からです。
```

```
ip: 192.168.2.40
id: k++++++ / k+++--9
```

```
1. userをsudoグループに  usermod -aG sudo user
2. 固定IPの設定          nmtui
    enp1s0 は、デフォルトゲートウェイとして使用しないのチェックをデフォルト通り入れない。ほかのnicでは、デフォルトゲートウェイとして利用しないをチェックする。
```

```
following docker install on debian.
https://docs.docker.com/engine/install/debian/

sudo apt-get install docker-compose
```

```
◇上位ルータにルーティングを追加
静的ルーティングエントリhelp
1～10 |11～20 |21～30 |31～40 |41～50
宛先IPアドレスhelp	ゲートウェイhelp	削除help
192.168.4.0/24	192.168.2.40	削除
192.168.3.0/24	192.168.2.40	削除

sudo apt-get install dnsmasq
sudo vi /etc/sysctl.conf
  net.ipv4.ip_forward=1
-> reboot
```

```
# docker run -d --rm -p 3000:3000 wettyoss/wetty --ssh-host=192.168.2.40
```
